  Date.cpp
C:\Users\VivoBook_X512DA\source\repos\Project1----Hotel\Project1----Hotel\Hotel\Hotel\Date.cpp(221,16): warning C4244: 'initializing': conversion from 'double' to 'unsigned int', possible loss of data
  Hotel.cpp
C:\Users\VivoBook_X512DA\source\repos\Project1----Hotel\Project1----Hotel\Hotel\Hotel\Period.hpp(30,33): warning C4227: anachronism used: qualifiers on reference are ignored
C:\Users\VivoBook_X512DA\source\repos\Project1----Hotel\Project1----Hotel\Hotel\Hotel\Reservation.hpp(30,89): warning C4227: anachronism used: qualifiers on reference are ignored
C:\Users\VivoBook_X512DA\source\repos\Project1----Hotel\Project1----Hotel\Hotel\Hotel\Reservation.hpp(31,39): warning C4227: anachronism used: qualifiers on reference are ignored
C:\Users\VivoBook_X512DA\source\repos\Project1----Hotel\Project1----Hotel\Hotel\Hotel\Reservation.hpp(49,39): warning C4227: anachronism used: qualifiers on reference are ignored
C:\Users\VivoBook_X512DA\source\repos\Project1----Hotel\Project1----Hotel\Hotel\Hotel\Reservation.hpp(52,38): warning C4227: anachronism used: qualifiers on reference are ignored
C:\Users\VivoBook_X512DA\source\repos\Project1----Hotel\Project1----Hotel\Hotel\Hotel\Room.hpp(64,35): warning C4227: anachronism used: qualifiers on reference are ignored
C:\Users\VivoBook_X512DA\source\repos\Project1----Hotel\Project1----Hotel\Hotel\Hotel\Room.hpp(101,28): warning C4227: anachronism used: qualifiers on reference are ignored
C:\Users\VivoBook_X512DA\source\repos\Project1----Hotel\Project1----Hotel\Hotel\Hotel\Room.hpp(113,34): warning C4227: anachronism used: qualifiers on reference are ignored
C:\Users\VivoBook_X512DA\source\repos\Project1----Hotel\Project1----Hotel\Hotel\Hotel\Room.hpp(113,50): warning C4227: anachronism used: qualifiers on reference are ignored
C:\Users\VivoBook_X512DA\source\repos\Project1----Hotel\Project1----Hotel\Hotel\Hotel\Room.hpp(118,37): warning C4227: anachronism used: qualifiers on reference are ignored
C:\Users\VivoBook_X512DA\source\repos\Project1----Hotel\Project1----Hotel\Hotel\Hotel\Room.hpp(118,53): warning C4227: anachronism used: qualifiers on reference are ignored
  Period.cpp
C:\Users\VivoBook_X512DA\source\repos\Project1----Hotel\Project1----Hotel\Hotel\Hotel\Period.hpp(30,33): warning C4227: anachronism used: qualifiers on reference are ignored
C:\Users\VivoBook_X512DA\source\repos\Project1----Hotel\Project1----Hotel\Hotel\Hotel\Period.cpp(39,42): warning C4227: anachronism used: qualifiers on reference are ignored
  Reservation.cpp
C:\Users\VivoBook_X512DA\source\repos\Project1----Hotel\Project1----Hotel\Hotel\Hotel\Period.hpp(30,33): warning C4227: anachronism used: qualifiers on reference are ignored
C:\Users\VivoBook_X512DA\source\repos\Project1----Hotel\Project1----Hotel\Hotel\Hotel\Reservation.hpp(30,89): warning C4227: anachronism used: qualifiers on reference are ignored
C:\Users\VivoBook_X512DA\source\repos\Project1----Hotel\Project1----Hotel\Hotel\Hotel\Reservation.hpp(31,39): warning C4227: anachronism used: qualifiers on reference are ignored
C:\Users\VivoBook_X512DA\source\repos\Project1----Hotel\Project1----Hotel\Hotel\Hotel\Reservation.hpp(49,39): warning C4227: anachronism used: qualifiers on reference are ignored
C:\Users\VivoBook_X512DA\source\repos\Project1----Hotel\Project1----Hotel\Hotel\Hotel\Reservation.hpp(52,38): warning C4227: anachronism used: qualifiers on reference are ignored
C:\Users\VivoBook_X512DA\source\repos\Project1----Hotel\Project1----Hotel\Hotel\Hotel\Reservation.cpp(37,41): warning C4227: anachronism used: qualifiers on reference are ignored
C:\Users\VivoBook_X512DA\source\repos\Project1----Hotel\Project1----Hotel\Hotel\Hotel\Reservation.cpp(45,50): warning C4227: anachronism used: qualifiers on reference are ignored
C:\Users\VivoBook_X512DA\source\repos\Project1----Hotel\Project1----Hotel\Hotel\Hotel\Reservation.cpp(81,51): warning C4227: anachronism used: qualifiers on reference are ignored
C:\Users\VivoBook_X512DA\source\repos\Project1----Hotel\Project1----Hotel\Hotel\Hotel\Reservation.cpp(107,52): warning C4227: anachronism used: qualifiers on reference are ignored
  Room.cpp
C:\Users\VivoBook_X512DA\source\repos\Project1----Hotel\Project1----Hotel\Hotel\Hotel\Period.hpp(30,33): warning C4227: anachronism used: qualifiers on reference are ignored
C:\Users\VivoBook_X512DA\source\repos\Project1----Hotel\Project1----Hotel\Hotel\Hotel\Reservation.hpp(30,89): warning C4227: anachronism used: qualifiers on reference are ignored
C:\Users\VivoBook_X512DA\source\repos\Project1----Hotel\Project1----Hotel\Hotel\Hotel\Reservation.hpp(31,39): warning C4227: anachronism used: qualifiers on reference are ignored
C:\Users\VivoBook_X512DA\source\repos\Project1----Hotel\Project1----Hotel\Hotel\Hotel\Reservation.hpp(49,39): warning C4227: anachronism used: qualifiers on reference are ignored
C:\Users\VivoBook_X512DA\source\repos\Project1----Hotel\Project1----Hotel\Hotel\Hotel\Reservation.hpp(52,38): warning C4227: anachronism used: qualifiers on reference are ignored
C:\Users\VivoBook_X512DA\source\repos\Project1----Hotel\Project1----Hotel\Hotel\Hotel\Room.hpp(64,35): warning C4227: anachronism used: qualifiers on reference are ignored
C:\Users\VivoBook_X512DA\source\repos\Project1----Hotel\Project1----Hotel\Hotel\Hotel\Room.hpp(101,28): warning C4227: anachronism used: qualifiers on reference are ignored
C:\Users\VivoBook_X512DA\source\repos\Project1----Hotel\Project1----Hotel\Hotel\Hotel\Room.hpp(113,34): warning C4227: anachronism used: qualifiers on reference are ignored
C:\Users\VivoBook_X512DA\source\repos\Project1----Hotel\Project1----Hotel\Hotel\Hotel\Room.hpp(113,50): warning C4227: anachronism used: qualifiers on reference are ignored
C:\Users\VivoBook_X512DA\source\repos\Project1----Hotel\Project1----Hotel\Hotel\Hotel\Room.hpp(118,37): warning C4227: anachronism used: qualifiers on reference are ignored
C:\Users\VivoBook_X512DA\source\repos\Project1----Hotel\Project1----Hotel\Hotel\Hotel\Room.hpp(118,53): warning C4227: anachronism used: qualifiers on reference are ignored
C:\Users\VivoBook_X512DA\source\repos\Project1----Hotel\Project1----Hotel\Hotel\Hotel\Room.cpp(23,42): warning C4227: anachronism used: qualifiers on reference are ignored
C:\Users\VivoBook_X512DA\source\repos\Project1----Hotel\Project1----Hotel\Hotel\Hotel\Room.cpp(223,35): warning C4227: anachronism used: qualifiers on reference are ignored
C:\Users\VivoBook_X512DA\source\repos\Project1----Hotel\Project1----Hotel\Hotel\Hotel\Room.cpp(245,39): warning C4227: anachronism used: qualifiers on reference are ignored
C:\Users\VivoBook_X512DA\source\repos\Project1----Hotel\Project1----Hotel\Hotel\Hotel\Room.cpp(245,55): warning C4227: anachronism used: qualifiers on reference are ignored
C:\Users\VivoBook_X512DA\source\repos\Project1----Hotel\Project1----Hotel\Hotel\Hotel\Room.cpp(276,42): warning C4227: anachronism used: qualifiers on reference are ignored
C:\Users\VivoBook_X512DA\source\repos\Project1----Hotel\Project1----Hotel\Hotel\Hotel\Room.cpp(276,58): warning C4227: anachronism used: qualifiers on reference are ignored
  main.cpp
C:\Users\VivoBook_X512DA\source\repos\Project1----Hotel\Project1----Hotel\Hotel\Hotel\Period.hpp(30,33): warning C4227: anachronism used: qualifiers on reference are ignored
C:\Users\VivoBook_X512DA\source\repos\Project1----Hotel\Project1----Hotel\Hotel\Hotel\Reservation.hpp(30,89): warning C4227: anachronism used: qualifiers on reference are ignored
C:\Users\VivoBook_X512DA\source\repos\Project1----Hotel\Project1----Hotel\Hotel\Hotel\Reservation.hpp(31,39): warning C4227: anachronism used: qualifiers on reference are ignored
C:\Users\VivoBook_X512DA\source\repos\Project1----Hotel\Project1----Hotel\Hotel\Hotel\Reservation.hpp(49,39): warning C4227: anachronism used: qualifiers on reference are ignored
C:\Users\VivoBook_X512DA\source\repos\Project1----Hotel\Project1----Hotel\Hotel\Hotel\Reservation.hpp(52,38): warning C4227: anachronism used: qualifiers on reference are ignored
C:\Users\VivoBook_X512DA\source\repos\Project1----Hotel\Project1----Hotel\Hotel\Hotel\Room.hpp(64,35): warning C4227: anachronism used: qualifiers on reference are ignored
C:\Users\VivoBook_X512DA\source\repos\Project1----Hotel\Project1----Hotel\Hotel\Hotel\Room.hpp(101,28): warning C4227: anachronism used: qualifiers on reference are ignored
C:\Users\VivoBook_X512DA\source\repos\Project1----Hotel\Project1----Hotel\Hotel\Hotel\Room.hpp(113,34): warning C4227: anachronism used: qualifiers on reference are ignored
C:\Users\VivoBook_X512DA\source\repos\Project1----Hotel\Project1----Hotel\Hotel\Hotel\Room.hpp(113,50): warning C4227: anachronism used: qualifiers on reference are ignored
C:\Users\VivoBook_X512DA\source\repos\Project1----Hotel\Project1----Hotel\Hotel\Hotel\Room.hpp(118,37): warning C4227: anachronism used: qualifiers on reference are ignored
C:\Users\VivoBook_X512DA\source\repos\Project1----Hotel\Project1----Hotel\Hotel\Hotel\Room.hpp(118,53): warning C4227: anachronism used: qualifiers on reference are ignored
  Generating Code...
  Hotel.vcxproj -> C:\Users\VivoBook_X512DA\source\repos\Project1----Hotel\Project1----Hotel\Hotel\Debug\Hotel.exe
